This file contains any messages produced by compilers while
running configure, to aid debugging if configure makes a mistake.

It was created by configure, which was
generated by GNU Autoconf 2.72.  Invocation command line was

  $ ./configure

## --------- ##
## Platform. ##
## --------- ##

hostname = pkrvmq0rgcvqdmg
uname -m = x86_64
uname -r = 6.11.0-1018-azure
uname -s = Linux
uname -v = #18~24.04.1-Ubuntu SMP Sat Jun 28 04:46:03 UTC 2025

/usr/bin/uname -p = x86_64
/bin/uname -X     = unknown

/bin/arch              = x86_64
/usr/bin/arch -k       = unknown
/usr/convex/getsysinfo = unknown
/usr/bin/hostinfo      = unknown
/bin/machine           = unknown
/usr/bin/oslevel       = unknown
/bin/universe          = unknown

PATH: /snap/bin/
PATH: /home/runner/.local/bin/
PATH: /opt/pipx_bin/
PATH: /home/runner/.cargo/bin/
PATH: /home/runner/.config/composer/vendor/bin/
PATH: /usr/local/.ghcup/bin/
PATH: /home/runner/.dotnet/tools/
PATH: /usr/local/sbin/
PATH: /usr/local/bin/
PATH: /usr/sbin/
PATH: /usr/bin/
PATH: /sbin/
PATH: /bin/
PATH: /usr/games/
PATH: /usr/local/games/
PATH: /snap/bin/


## ----------- ##
## Core tests. ##
## ----------- ##

configure:2658: looking for aux files: install-sh config.guess config.sub
configure:2671:  trying ./
configure:2682:   ./install-sh found
configure:2700:   ./config.guess found
configure:2700:   ./config.sub found
configure:2814: checking for installation prefix
configure:2827: result: /home/runner
configure:2843: checking build system type
configure:2859: result: x86_64-unknown-linux-gnu
configure:2879: checking host system type
configure:2894: result: x86_64-unknown-linux-gnu
configure:2978: checking for gcc
configure:2999: found /usr/bin/gcc
configure:3011: result: gcc
configure:3370: checking for C compiler version
configure:3379: gcc --version >&5
gcc (Ubuntu 13.3.0-6ubuntu2~24.04) 13.3.0
Copyright (C) 2023 Free Software Foundation, Inc.
This is free software; see the source for copying conditions.  There is NO
warranty; not even for MERCHANTABILITY or FITNESS FOR A PARTICULAR PURPOSE.

configure:3390: $? = 0
configure:3379: gcc -v >&5
Using built-in specs.
COLLECT_GCC=gcc
COLLECT_LTO_WRAPPER=/usr/libexec/gcc/x86_64-linux-gnu/13/lto-wrapper
OFFLOAD_TARGET_NAMES=nvptx-none:amdgcn-amdhsa
OFFLOAD_TARGET_DEFAULT=1
Target: x86_64-linux-gnu
Configured with: ../src/configure -v --with-pkgversion='Ubuntu 13.3.0-6ubuntu2~24.04' --with-bugurl=file:///usr/share/doc/gcc-13/README.Bugs --enable-languages=c,ada,c++,go,d,fortran,objc,obj-c++,m2 --prefix=/usr --with-gcc-major-version-only --program-suffix=-13 --program-prefix=x86_64-linux-gnu- --enable-shared --enable-linker-build-id --libexecdir=/usr/libexec --without-included-gettext --enable-threads=posix --libdir=/usr/lib --enable-nls --enable-bootstrap --enable-clocale=gnu --enable-libstdcxx-debug --enable-libstdcxx-time=yes --with-default-libstdcxx-abi=new --enable-libstdcxx-backtrace --enable-gnu-unique-object --disable-vtable-verify --enable-plugin --enable-default-pie --with-system-zlib --enable-libphobos-checking=release --with-target-system-zlib=auto --enable-objc-gc=auto --enable-multiarch --disable-werror --enable-cet --with-arch-32=i686 --with-abi=m64 --with-multilib-list=m32,m64,mx32 --enable-multilib --with-tune=generic --enable-offload-targets=nvptx-none=/build/gcc-13-fG75Ri/gcc-13-13.3.0/debian/tmp-nvptx/usr,amdgcn-amdhsa=/build/gcc-13-fG75Ri/gcc-13-13.3.0/debian/tmp-gcn/usr --enable-offload-defaulted --without-cuda-driver --enable-checking=release --build=x86_64-linux-gnu --host=x86_64-linux-gnu --target=x86_64-linux-gnu --with-build-config=bootstrap-lto-lean --enable-link-serialization=2
Thread model: posix
Supported LTO compression algorithms: zlib zstd
gcc version 13.3.0 (Ubuntu 13.3.0-6ubuntu2~24.04) 
... rest of stderr output deleted ...
configure:3390: $? = 0
configure:3379: gcc -V >&5
gcc: error: unrecognized command-line option '-V'
gcc: fatal error: no input files
compilation terminated.
configure:3390: $? = 1
configure:3379: gcc -qversion >&5
gcc: error: unrecognized command-line option '-qversion'; did you mean '--version'?
gcc: fatal error: no input files
compilation terminated.
configure:3390: $? = 1
configure:3379: gcc -version >&5
gcc: error: unrecognized command-line option '-version'
gcc: fatal error: no input files
compilation terminated.
configure:3390: $? = 1
configure:3410: checking whether the C compiler works
configure:3432: gcc    conftest.c  >&5
configure:3436: $? = 0
configure:3487: result: yes
configure:3491: checking for C compiler default output file name
configure:3493: result: a.out
configure:3499: checking for suffix of executables
configure:3506: gcc -o conftest    conftest.c  >&5
configure:3510: $? = 0
configure:3534: result: 
configure:3558: checking whether we are cross compiling
configure:3566: gcc -o conftest    conftest.c  >&5
configure:3570: $? = 0
configure:3577: ./conftest
configure:3581: $? = 0
configure:3596: result: no
configure:3602: checking for suffix of object files
configure:3625: gcc -c   conftest.c >&5
configure:3629: $? = 0
configure:3653: result: o
configure:3657: checking whether the compiler supports GNU C
configure:3677: gcc -c   conftest.c >&5
configure:3677: $? = 0
configure:3689: result: yes
configure:3700: checking whether gcc accepts -g
configure:3721: gcc -c -g  conftest.c >&5
configure:3721: $? = 0
configure:3768: result: yes
configure:3788: checking for gcc option to enable C11 features
configure:3803: gcc  -c -g -O2  conftest.c >&5
configure:3803: $? = 0
configure:3822: result: none needed
configure:3995: checking for gcc
configure:4028: result: gcc
configure:4387: checking for C compiler version
configure:4396: gcc --version >&5
gcc (Ubuntu 13.3.0-6ubuntu2~24.04) 13.3.0
Copyright (C) 2023 Free Software Foundation, Inc.
This is free software; see the source for copying conditions.  There is NO
warranty; not even for MERCHANTABILITY or FITNESS FOR A PARTICULAR PURPOSE.

configure:4407: $? = 0
configure:4396: gcc -v >&5
Using built-in specs.
COLLECT_GCC=gcc
COLLECT_LTO_WRAPPER=/usr/libexec/gcc/x86_64-linux-gnu/13/lto-wrapper
OFFLOAD_TARGET_NAMES=nvptx-none:amdgcn-amdhsa
OFFLOAD_TARGET_DEFAULT=1
Target: x86_64-linux-gnu
Configured with: ../src/configure -v --with-pkgversion='Ubuntu 13.3.0-6ubuntu2~24.04' --with-bugurl=file:///usr/share/doc/gcc-13/README.Bugs --enable-languages=c,ada,c++,go,d,fortran,objc,obj-c++,m2 --prefix=/usr --with-gcc-major-version-only --program-suffix=-13 --program-prefix=x86_64-linux-gnu- --enable-shared --enable-linker-build-id --libexecdir=/usr/libexec --without-included-gettext --enable-threads=posix --libdir=/usr/lib --enable-nls --enable-bootstrap --enable-clocale=gnu --enable-libstdcxx-debug --enable-libstdcxx-time=yes --with-default-libstdcxx-abi=new --enable-libstdcxx-backtrace --enable-gnu-unique-object --disable-vtable-verify --enable-plugin --enable-default-pie --with-system-zlib --enable-libphobos-checking=release --with-target-system-zlib=auto --enable-objc-gc=auto --enable-multiarch --disable-werror --enable-cet --with-arch-32=i686 --with-abi=m64 --with-multilib-list=m32,m64,mx32 --enable-multilib --with-tune=generic --enable-offload-targets=nvptx-none=/build/gcc-13-fG75Ri/gcc-13-13.3.0/debian/tmp-nvptx/usr,amdgcn-amdhsa=/build/gcc-13-fG75Ri/gcc-13-13.3.0/debian/tmp-gcn/usr --enable-offload-defaulted --without-cuda-driver --enable-checking=release --build=x86_64-linux-gnu --host=x86_64-linux-gnu --target=x86_64-linux-gnu --with-build-config=bootstrap-lto-lean --enable-link-serialization=2
Thread model: posix
Supported LTO compression algorithms: zlib zstd
gcc version 13.3.0 (Ubuntu 13.3.0-6ubuntu2~24.04) 
... rest of stderr output deleted ...
configure:4407: $? = 0
configure:4396: gcc -V >&5
gcc: error: unrecognized command-line option '-V'
gcc: fatal error: no input files
compilation terminated.
configure:4407: $? = 1
configure:4396: gcc -qversion >&5
gcc: error: unrecognized command-line option '-qversion'; did you mean '--version'?
gcc: fatal error: no input files
compilation terminated.
configure:4407: $? = 1
configure:4396: gcc -version >&5
gcc: error: unrecognized command-line option '-version'
gcc: fatal error: no input files
compilation terminated.
configure:4407: $? = 1
configure:4411: checking whether the compiler supports GNU C
configure:4443: result: yes
configure:4454: checking whether gcc accepts -g
configure:4522: result: yes
configure:4542: checking for gcc option to enable C11 features
configure:4576: result: none needed
configure:4755: checking for pkg-config
configure:4778: found /usr/bin/pkg-config
configure:4791: result: /usr/bin/pkg-config
configure:4816: checking pkg-config is at least version 0.9.0
configure:4819: result: yes
configure:4830: checking for library containing crypt
configure:4866: gcc -o conftest -g -O2   conftest.c  >&5
/usr/bin/ld: /tmp/ccZFBchQ.o: in function `main':
/home/runner/work/midircd/midircd/conftest.c:23:(.text.startup+0x9): undefined reference to `crypt'
collect2: error: ld returned 1 exit status
configure:4866: $? = 1
configure: failed program was:
| /* confdefs.h */
| #define PACKAGE_NAME ""
| #define PACKAGE_TARNAME ""
| #define PACKAGE_VERSION ""
| #define PACKAGE_STRING ""
| #define PACKAGE_BUGREPORT ""
| #define PACKAGE_URL ""
| /* end confdefs.h.  */
| 
| /* Override any GCC internal prototype to avoid an error.
|    Use char because int might match the return type of a GCC
|    builtin and then its argument prototype would still apply.
|    The 'extern "C"' is for builds by C++ compilers;
|    although this is not generally supported in C code supporting it here
|    has little cost and some practical benefit (sr 110532).  */
| #ifdef __cplusplus
| extern "C"
| #endif
| char crypt (void);
| int
| main (void)
| {
| return crypt ();
|   ;
|   return 0;
| }
configure:4866: gcc -o conftest -g -O2   conftest.c -ldescrypt   >&5
/usr/bin/ld: cannot find -ldescrypt: No such file or directory
collect2: error: ld returned 1 exit status
configure:4866: $? = 1
configure: failed program was:
| /* confdefs.h */
| #define PACKAGE_NAME ""
| #define PACKAGE_TARNAME ""
| #define PACKAGE_VERSION ""
| #define PACKAGE_STRING ""
| #define PACKAGE_BUGREPORT ""
| #define PACKAGE_URL ""
| /* end confdefs.h.  */
| 
| /* Override any GCC internal prototype to avoid an error.
|    Use char because int might match the return type of a GCC
|    builtin and then its argument prototype would still apply.
|    The 'extern "C"' is for builds by C++ compilers;
|    although this is not generally supported in C code supporting it here
|    has little cost and some practical benefit (sr 110532).  */
| #ifdef __cplusplus
| extern "C"
| #endif
| char crypt (void);
| int
| main (void)
| {
| return crypt ();
|   ;
|   return 0;
| }
configure:4866: gcc -o conftest -g -O2   conftest.c -lcrypt   >&5
configure:4866: $? = 0
configure:4888: result: -lcrypt
configure:4904: checking for gethostbyname
configure:4904: gcc -o conftest -g -O2   conftest.c -lcrypt  >&5
configure:4904: $? = 0
configure:4904: result: yes
configure:5127: checking for socket
configure:5127: gcc -o conftest -g -O2   conftest.c -lcrypt  >&5
configure:5127: $? = 0
configure:5127: result: yes
configure:5242: checking for stdio.h
configure:5242: gcc -c -g -O2  conftest.c >&5
configure:5242: $? = 0
configure:5242: result: yes
configure:5242: checking for stdlib.h
configure:5242: gcc -c -g -O2  conftest.c >&5
configure:5242: $? = 0
configure:5242: result: yes
configure:5242: checking for string.h
configure:5242: gcc -c -g -O2  conftest.c >&5
configure:5242: $? = 0
configure:5242: result: yes
configure:5242: checking for inttypes.h
configure:5242: gcc -c -g -O2  conftest.c >&5
configure:5242: $? = 0
configure:5242: result: yes
configure:5242: checking for stdint.h
configure:5242: gcc -c -g -O2  conftest.c >&5
configure:5242: $? = 0
configure:5242: result: yes
configure:5242: checking for strings.h
configure:5242: gcc -c -g -O2  conftest.c >&5
configure:5242: $? = 0
configure:5242: result: yes
configure:5242: checking for sys/stat.h
configure:5242: gcc -c -g -O2  conftest.c >&5
configure:5242: $? = 0
configure:5242: result: yes
configure:5242: checking for sys/types.h
configure:5242: gcc -c -g -O2  conftest.c >&5
configure:5242: $? = 0
configure:5242: result: yes
configure:5242: checking for unistd.h
configure:5242: gcc -c -g -O2  conftest.c >&5
configure:5242: $? = 0
configure:5242: result: yes
configure:5242: checking for sys/time.h
configure:5242: gcc -c -g -O2  conftest.c >&5
configure:5242: $? = 0
configure:5242: result: yes
configure:5267: checking for grep that handles long lines and -e
configure:5333: result: /usr/bin/grep
configure:5341: checking for egrep
configure:5411: result: /usr/bin/grep -E
configure:5419: checking for crypt.h
configure:5419: gcc -c -g -O2  conftest.c >&5
configure:5419: $? = 0
configure:5419: result: yes
configure:5425: checking for poll.h
configure:5425: gcc -c -g -O2  conftest.c >&5
configure:5425: $? = 0
configure:5425: result: yes
configure:5431: checking for inttypes.h
configure:5431: result: yes
configure:5437: checking for stdint.h
configure:5437: result: yes
configure:5443: checking for sys/devpoll.h
configure:5443: gcc -c -g -O2  conftest.c >&5
conftest.c:52:10: fatal error: sys/devpoll.h: No such file or directory
   52 | #include <sys/devpoll.h>
      |          ^~~~~~~~~~~~~~~
compilation terminated.
configure:5443: $? = 1
configure: failed program was:
| /* confdefs.h */
| #define PACKAGE_NAME ""
| #define PACKAGE_TARNAME ""
| #define PACKAGE_VERSION ""
| #define PACKAGE_STRING ""
| #define PACKAGE_BUGREPORT ""
| #define PACKAGE_URL ""
| #define HAVE_STDIO_H 1
| #define HAVE_STDLIB_H 1
| #define HAVE_STRING_H 1
| #define HAVE_INTTYPES_H 1
| #define HAVE_STDINT_H 1
| #define HAVE_STRINGS_H 1
| #define HAVE_SYS_STAT_H 1
| #define HAVE_SYS_TYPES_H 1
| #define HAVE_UNISTD_H 1
| #define HAVE_SYS_TIME_H 1
| #define STDC_HEADERS 1
| #define HAVE_CRYPT_H 1
| #define HAVE_POLL_H 1
| #define HAVE_INTTYPES_H 1
| #define HAVE_STDINT_H 1
| /* end confdefs.h.  */
| #include <stddef.h>
| #ifdef HAVE_STDIO_H
| # include <stdio.h>
| #endif
| #ifdef HAVE_STDLIB_H
| # include <stdlib.h>
| #endif
| #ifdef HAVE_STRING_H
| # include <string.h>
| #endif
| #ifdef HAVE_INTTYPES_H
| # include <inttypes.h>
| #endif
| #ifdef HAVE_STDINT_H
| # include <stdint.h>
| #endif
| #ifdef HAVE_STRINGS_H
| # include <strings.h>
| #endif
| #ifdef HAVE_SYS_TYPES_H
| # include <sys/types.h>
| #endif
| #ifdef HAVE_SYS_STAT_H
| # include <sys/stat.h>
| #endif
| #ifdef HAVE_UNISTD_H
| # include <unistd.h>
| #endif
| #include <sys/devpoll.h>
configure:5443: result: no
configure:5449: checking for sys/epoll.h
configure:5449: gcc -c -g -O2  conftest.c >&5
configure:5449: $? = 0
configure:5449: result: yes
configure:5455: checking for sys/event.h
configure:5455: gcc -c -g -O2  conftest.c >&5
conftest.c:53:10: fatal error: sys/event.h: No such file or directory
   53 | #include <sys/event.h>
      |          ^~~~~~~~~~~~~
compilation terminated.
configure:5455: $? = 1
configure: failed program was:
| /* confdefs.h */
| #define PACKAGE_NAME ""
| #define PACKAGE_TARNAME ""
| #define PACKAGE_VERSION ""
| #define PACKAGE_STRING ""
| #define PACKAGE_BUGREPORT ""
| #define PACKAGE_URL ""
| #define HAVE_STDIO_H 1
| #define HAVE_STDLIB_H 1
| #define HAVE_STRING_H 1
| #define HAVE_INTTYPES_H 1
| #define HAVE_STDINT_H 1
| #define HAVE_STRINGS_H 1
| #define HAVE_SYS_STAT_H 1
| #define HAVE_SYS_TYPES_H 1
| #define HAVE_UNISTD_H 1
| #define HAVE_SYS_TIME_H 1
| #define STDC_HEADERS 1
| #define HAVE_CRYPT_H 1
| #define HAVE_POLL_H 1
| #define HAVE_INTTYPES_H 1
| #define HAVE_STDINT_H 1
| #define HAVE_SYS_EPOLL_H 1
| /* end confdefs.h.  */
| #include <stddef.h>
| #ifdef HAVE_STDIO_H
| # include <stdio.h>
| #endif
| #ifdef HAVE_STDLIB_H
| # include <stdlib.h>
| #endif
| #ifdef HAVE_STRING_H
| # include <string.h>
| #endif
| #ifdef HAVE_INTTYPES_H
| # include <inttypes.h>
| #endif
| #ifdef HAVE_STDINT_H
| # include <stdint.h>
| #endif
| #ifdef HAVE_STRINGS_H
| # include <strings.h>
| #endif
| #ifdef HAVE_SYS_TYPES_H
| # include <sys/types.h>
| #endif
| #ifdef HAVE_SYS_STAT_H
| # include <sys/stat.h>
| #endif
| #ifdef HAVE_UNISTD_H
| # include <unistd.h>
| #endif
| #include <sys/event.h>
configure:5455: result: no
configure:5461: checking for sys/param.h
configure:5461: gcc -c -g -O2  conftest.c >&5
configure:5461: $? = 0
configure:5461: result: yes
configure:5467: checking for sys/resource.h
configure:5467: gcc -c -g -O2  conftest.c >&5
configure:5467: $? = 0
configure:5467: result: yes
configure:5473: checking for sys/socket.h
configure:5473: gcc -c -g -O2  conftest.c >&5
configure:5473: $? = 0
configure:5473: result: yes
configure:5481: checking whether byte ordering is bigendian
configure:5497: gcc -c -g -O2  conftest.c >&5
conftest.c:29:16: error: unknown type name 'not'
   29 |                not a universal capable compiler
      |                ^~~
conftest.c:29:22: error: expected '=', ',', ';', 'asm' or '__attribute__' before 'universal'
   29 |                not a universal capable compiler
      |                      ^~~~~~~~~
conftest.c:29:22: error: unknown type name 'universal'
configure:5497: $? = 1
configure: failed program was:
| /* confdefs.h */
| #define PACKAGE_NAME ""
| #define PACKAGE_TARNAME ""
| #define PACKAGE_VERSION ""
| #define PACKAGE_STRING ""
| #define PACKAGE_BUGREPORT ""
| #define PACKAGE_URL ""
| #define HAVE_STDIO_H 1
| #define HAVE_STDLIB_H 1
| #define HAVE_STRING_H 1
| #define HAVE_INTTYPES_H 1
| #define HAVE_STDINT_H 1
| #define HAVE_STRINGS_H 1
| #define HAVE_SYS_STAT_H 1
| #define HAVE_SYS_TYPES_H 1
| #define HAVE_UNISTD_H 1
| #define HAVE_SYS_TIME_H 1
| #define STDC_HEADERS 1
| #define HAVE_CRYPT_H 1
| #define HAVE_POLL_H 1
| #define HAVE_INTTYPES_H 1
| #define HAVE_STDINT_H 1
| #define HAVE_SYS_EPOLL_H 1
| #define HAVE_SYS_PARAM_H 1
| #define HAVE_SYS_RESOURCE_H 1
| #define HAVE_SYS_SOCKET_H 1
| /* end confdefs.h.  */
| #ifndef __APPLE_CC__
| 	       not a universal capable compiler
| 	     #endif
| 	     typedef int dummy;
| 
configure:5543: gcc -c -g -O2  conftest.c >&5
configure:5543: $? = 0
configure:5562: gcc -c -g -O2  conftest.c >&5
conftest.c: In function 'main':
conftest.c:35:18: error: unknown type name 'not'; did you mean 'ino_t'?
   35 |                  not big endian
      |                  ^~~
      |                  ino_t
conftest.c:35:26: error: expected '=', ',', ';', 'asm' or '__attribute__' before 'endian'
   35 |                  not big endian
      |                          ^~~~~~
configure:5562: $? = 1
configure: failed program was:
| /* confdefs.h */
| #define PACKAGE_NAME ""
| #define PACKAGE_TARNAME ""
| #define PACKAGE_VERSION ""
| #define PACKAGE_STRING ""
| #define PACKAGE_BUGREPORT ""
| #define PACKAGE_URL ""
| #define HAVE_STDIO_H 1
| #define HAVE_STDLIB_H 1
| #define HAVE_STRING_H 1
| #define HAVE_INTTYPES_H 1
| #define HAVE_STDINT_H 1
| #define HAVE_STRINGS_H 1
| #define HAVE_SYS_STAT_H 1
| #define HAVE_SYS_TYPES_H 1
| #define HAVE_UNISTD_H 1
| #define HAVE_SYS_TIME_H 1
| #define STDC_HEADERS 1
| #define HAVE_CRYPT_H 1
| #define HAVE_POLL_H 1
| #define HAVE_INTTYPES_H 1
| #define HAVE_STDINT_H 1
| #define HAVE_SYS_EPOLL_H 1
| #define HAVE_SYS_PARAM_H 1
| #define HAVE_SYS_RESOURCE_H 1
| #define HAVE_SYS_SOCKET_H 1
| /* end confdefs.h.  */
| #include <sys/types.h>
| 		#include <sys/param.h>
| 
| int
| main (void)
| {
| #if BYTE_ORDER != BIG_ENDIAN
| 		 not big endian
| 		#endif
| 
|   ;
|   return 0;
| }
configure:5703: result: no
configure:5721: checking for size_t
configure:5721: gcc -c -g -O2  conftest.c >&5
configure:5721: $? = 0
configure:5721: gcc -c -g -O2  conftest.c >&5
conftest.c: In function 'main':
conftest.c:59:21: error: expected expression before ')' token
   59 | if (sizeof ((size_t)))
      |                     ^
configure:5721: $? = 1
configure: failed program was:
| /* confdefs.h */
| #define PACKAGE_NAME ""
| #define PACKAGE_TARNAME ""
| #define PACKAGE_VERSION ""
| #define PACKAGE_STRING ""
| #define PACKAGE_BUGREPORT ""
| #define PACKAGE_URL ""
| #define HAVE_STDIO_H 1
| #define HAVE_STDLIB_H 1
| #define HAVE_STRING_H 1
| #define HAVE_INTTYPES_H 1
| #define HAVE_STDINT_H 1
| #define HAVE_STRINGS_H 1
| #define HAVE_SYS_STAT_H 1
| #define HAVE_SYS_TYPES_H 1
| #define HAVE_UNISTD_H 1
| #define HAVE_SYS_TIME_H 1
| #define STDC_HEADERS 1
| #define HAVE_CRYPT_H 1
| #define HAVE_POLL_H 1
| #define HAVE_INTTYPES_H 1
| #define HAVE_STDINT_H 1
| #define HAVE_SYS_EPOLL_H 1
| #define HAVE_SYS_PARAM_H 1
| #define HAVE_SYS_RESOURCE_H 1
| #define HAVE_SYS_SOCKET_H 1
| /* end confdefs.h.  */
| #include <stddef.h>
| #ifdef HAVE_STDIO_H
| # include <stdio.h>
| #endif
| #ifdef HAVE_STDLIB_H
| # include <stdlib.h>
| #endif
| #ifdef HAVE_STRING_H
| # include <string.h>
| #endif
| #ifdef HAVE_INTTYPES_H
| # include <inttypes.h>
| #endif
| #ifdef HAVE_STDINT_H
| # include <stdint.h>
| #endif
| #ifdef HAVE_STRINGS_H
| # include <strings.h>
| #endif
| #ifdef HAVE_SYS_TYPES_H
| # include <sys/types.h>
| #endif
| #ifdef HAVE_SYS_STAT_H
| # include <sys/stat.h>
| #endif
| #ifdef HAVE_UNISTD_H
| # include <unistd.h>
| #endif
| int
| main (void)
| {
| if (sizeof ((size_t)))
| 	    return 0;
|   ;
|   return 0;
| }
configure:5721: result: yes
configure:5742: checking whether struct tm is in sys/time.h or time.h
configure:5763: gcc -c -g -O2  conftest.c >&5
configure:5763: $? = 0
configure:5773: result: time.h
configure:5781: checking for uid_t
configure:5781: gcc -c -g -O2  conftest.c >&5
configure:5781: $? = 0
configure:5781: gcc -c -g -O2  conftest.c >&5
conftest.c: In function 'main':
conftest.c:60:20: error: expected expression before ')' token
   60 | if (sizeof ((uid_t)))
      |                    ^
configure:5781: $? = 1
configure: failed program was:
| /* confdefs.h */
| #define PACKAGE_NAME ""
| #define PACKAGE_TARNAME ""
| #define PACKAGE_VERSION ""
| #define PACKAGE_STRING ""
| #define PACKAGE_BUGREPORT ""
| #define PACKAGE_URL ""
| #define HAVE_STDIO_H 1
| #define HAVE_STDLIB_H 1
| #define HAVE_STRING_H 1
| #define HAVE_INTTYPES_H 1
| #define HAVE_STDINT_H 1
| #define HAVE_STRINGS_H 1
| #define HAVE_SYS_STAT_H 1
| #define HAVE_SYS_TYPES_H 1
| #define HAVE_UNISTD_H 1
| #define HAVE_SYS_TIME_H 1
| #define STDC_HEADERS 1
| #define HAVE_CRYPT_H 1
| #define HAVE_POLL_H 1
| #define HAVE_INTTYPES_H 1
| #define HAVE_STDINT_H 1
| #define HAVE_SYS_EPOLL_H 1
| #define HAVE_SYS_PARAM_H 1
| #define HAVE_SYS_RESOURCE_H 1
| #define HAVE_SYS_SOCKET_H 1
| #define TIME_WITH_SYS_TIME 1
| /* end confdefs.h.  */
| #include <stddef.h>
| #ifdef HAVE_STDIO_H
| # include <stdio.h>
| #endif
| #ifdef HAVE_STDLIB_H
| # include <stdlib.h>
| #endif
| #ifdef HAVE_STRING_H
| # include <string.h>
| #endif
| #ifdef HAVE_INTTYPES_H
| # include <inttypes.h>
| #endif
| #ifdef HAVE_STDINT_H
| # include <stdint.h>
| #endif
| #ifdef HAVE_STRINGS_H
| # include <strings.h>
| #endif
| #ifdef HAVE_SYS_TYPES_H
| # include <sys/types.h>
| #endif
| #ifdef HAVE_SYS_STAT_H
| # include <sys/stat.h>
| #endif
| #ifdef HAVE_UNISTD_H
| # include <unistd.h>
| #endif
| int
| main (void)
| {
| if (sizeof ((uid_t)))
| 	    return 0;
|   ;
|   return 0;
| }
configure:5781: result: yes
configure:5792: checking for gid_t
configure:5792: gcc -c -g -O2  conftest.c >&5
configure:5792: $? = 0
configure:5792: gcc -c -g -O2  conftest.c >&5
conftest.c: In function 'main':
conftest.c:60:20: error: expected expression before ')' token
   60 | if (sizeof ((gid_t)))
      |                    ^
configure:5792: $? = 1
configure: failed program was:
| /* confdefs.h */
| #define PACKAGE_NAME ""
| #define PACKAGE_TARNAME ""
| #define PACKAGE_VERSION ""
| #define PACKAGE_STRING ""
| #define PACKAGE_BUGREPORT ""
| #define PACKAGE_URL ""
| #define HAVE_STDIO_H 1
| #define HAVE_STDLIB_H 1
| #define HAVE_STRING_H 1
| #define HAVE_INTTYPES_H 1
| #define HAVE_STDINT_H 1
| #define HAVE_STRINGS_H 1
| #define HAVE_SYS_STAT_H 1
| #define HAVE_SYS_TYPES_H 1
| #define HAVE_UNISTD_H 1
| #define HAVE_SYS_TIME_H 1
| #define STDC_HEADERS 1
| #define HAVE_CRYPT_H 1
| #define HAVE_POLL_H 1
| #define HAVE_INTTYPES_H 1
| #define HAVE_STDINT_H 1
| #define HAVE_SYS_EPOLL_H 1
| #define HAVE_SYS_PARAM_H 1
| #define HAVE_SYS_RESOURCE_H 1
| #define HAVE_SYS_SOCKET_H 1
| #define TIME_WITH_SYS_TIME 1
| /* end confdefs.h.  */
| #include <stddef.h>
| #ifdef HAVE_STDIO_H
| # include <stdio.h>
| #endif
| #ifdef HAVE_STDLIB_H
| # include <stdlib.h>
| #endif
| #ifdef HAVE_STRING_H
| # include <string.h>
| #endif
| #ifdef HAVE_INTTYPES_H
| # include <inttypes.h>
| #endif
| #ifdef HAVE_STDINT_H
| # include <stdint.h>
| #endif
| #ifdef HAVE_STRINGS_H
| # include <strings.h>
| #endif
| #ifdef HAVE_SYS_TYPES_H
| # include <sys/types.h>
| #endif
| #ifdef HAVE_SYS_STAT_H
| # include <sys/stat.h>
| #endif
| #ifdef HAVE_UNISTD_H
| # include <unistd.h>
| #endif
| int
| main (void)
| {
| if (sizeof ((gid_t)))
| 	    return 0;
|   ;
|   return 0;
| }
configure:5792: result: yes
configure:5807: checking size of short
configure:5813: gcc -o conftest -g -O2   conftest.c -lcrypt  >&5
configure:5813: $? = 0
configure:5813: ./conftest
configure:5813: $? = 0
configure:5830: result: 2
configure:5842: checking size of int
configure:5848: gcc -o conftest -g -O2   conftest.c -lcrypt  >&5
configure:5848: $? = 0
configure:5848: ./conftest
configure:5848: $? = 0
configure:5865: result: 4
configure:5877: checking size of long
configure:5883: gcc -o conftest -g -O2   conftest.c -lcrypt  >&5
configure:5883: $? = 0
configure:5883: ./conftest
configure:5883: $? = 0
configure:5900: result: 8
configure:5912: checking size of void *
configure:5918: gcc -o conftest -g -O2   conftest.c -lcrypt  >&5
configure:5918: $? = 0
configure:5918: ./conftest
configure:5918: $? = 0
configure:5935: result: 8
configure:5947: checking size of int64_t
configure:5953: gcc -o conftest -g -O2   conftest.c -lcrypt  >&5
configure:5953: $? = 0
configure:5953: ./conftest
configure:5953: $? = 0
configure:5970: result: 8
configure:5982: checking size of long long
configure:5988: gcc -o conftest -g -O2   conftest.c -lcrypt  >&5
configure:5988: $? = 0
configure:5988: ./conftest
configure:5988: $? = 0
configure:6005: result: 8
configure:6037: checking for int16_t
configure:6037: gcc -c -g -O2  conftest.c >&5
configure:6037: $? = 0
configure:6037: gcc -c -g -O2  conftest.c >&5
conftest.c: In function 'main':
conftest.c:66:22: error: expected expression before ')' token
   66 | if (sizeof ((int16_t)))
      |                      ^
configure:6037: $? = 1
configure: failed program was:
| /* confdefs.h */
| #define PACKAGE_NAME ""
| #define PACKAGE_TARNAME ""
| #define PACKAGE_VERSION ""
| #define PACKAGE_STRING ""
| #define PACKAGE_BUGREPORT ""
| #define PACKAGE_URL ""
| #define HAVE_STDIO_H 1
| #define HAVE_STDLIB_H 1
| #define HAVE_STRING_H 1
| #define HAVE_INTTYPES_H 1
| #define HAVE_STDINT_H 1
| #define HAVE_STRINGS_H 1
| #define HAVE_SYS_STAT_H 1
| #define HAVE_SYS_TYPES_H 1
| #define HAVE_UNISTD_H 1
| #define HAVE_SYS_TIME_H 1
| #define STDC_HEADERS 1
| #define HAVE_CRYPT_H 1
| #define HAVE_POLL_H 1
| #define HAVE_INTTYPES_H 1
| #define HAVE_STDINT_H 1
| #define HAVE_SYS_EPOLL_H 1
| #define HAVE_SYS_PARAM_H 1
| #define HAVE_SYS_RESOURCE_H 1
| #define HAVE_SYS_SOCKET_H 1
| #define TIME_WITH_SYS_TIME 1
| #define SIZEOF_SHORT 2
| #define SIZEOF_INT 4
| #define SIZEOF_LONG 8
| #define SIZEOF_VOID_P 8
| #define SIZEOF_INT64_T 8
| #define SIZEOF_LONG_LONG 8
| /* end confdefs.h.  */
| #include <stddef.h>
| #ifdef HAVE_STDIO_H
| # include <stdio.h>
| #endif
| #ifdef HAVE_STDLIB_H
| # include <stdlib.h>
| #endif
| #ifdef HAVE_STRING_H
| # include <string.h>
| #endif
| #ifdef HAVE_INTTYPES_H
| # include <inttypes.h>
| #endif
| #ifdef HAVE_STDINT_H
| # include <stdint.h>
| #endif
| #ifdef HAVE_STRINGS_H
| # include <strings.h>
| #endif
| #ifdef HAVE_SYS_TYPES_H
| # include <sys/types.h>
| #endif
| #ifdef HAVE_SYS_STAT_H
| # include <sys/stat.h>
| #endif
| #ifdef HAVE_UNISTD_H
| # include <unistd.h>
| #endif
| int
| main (void)
| {
| if (sizeof ((int16_t)))
| 	    return 0;
|   ;
|   return 0;
| }
configure:6037: result: yes
configure:6048: checking for uint16_t
configure:6048: gcc -c -g -O2  conftest.c >&5
configure:6048: $? = 0
configure:6048: gcc -c -g -O2  conftest.c >&5
conftest.c: In function 'main':
conftest.c:66:23: error: expected expression before ')' token
   66 | if (sizeof ((uint16_t)))
      |                       ^
configure:6048: $? = 1
configure: failed program was:
| /* confdefs.h */
| #define PACKAGE_NAME ""
| #define PACKAGE_TARNAME ""
| #define PACKAGE_VERSION ""
| #define PACKAGE_STRING ""
| #define PACKAGE_BUGREPORT ""
| #define PACKAGE_URL ""
| #define HAVE_STDIO_H 1
| #define HAVE_STDLIB_H 1
| #define HAVE_STRING_H 1
| #define HAVE_INTTYPES_H 1
| #define HAVE_STDINT_H 1
| #define HAVE_STRINGS_H 1
| #define HAVE_SYS_STAT_H 1
| #define HAVE_SYS_TYPES_H 1
| #define HAVE_UNISTD_H 1
| #define HAVE_SYS_TIME_H 1
| #define STDC_HEADERS 1
| #define HAVE_CRYPT_H 1
| #define HAVE_POLL_H 1
| #define HAVE_INTTYPES_H 1
| #define HAVE_STDINT_H 1
| #define HAVE_SYS_EPOLL_H 1
| #define HAVE_SYS_PARAM_H 1
| #define HAVE_SYS_RESOURCE_H 1
| #define HAVE_SYS_SOCKET_H 1
| #define TIME_WITH_SYS_TIME 1
| #define SIZEOF_SHORT 2
| #define SIZEOF_INT 4
| #define SIZEOF_LONG 8
| #define SIZEOF_VOID_P 8
| #define SIZEOF_INT64_T 8
| #define SIZEOF_LONG_LONG 8
| /* end confdefs.h.  */
| #include <stddef.h>
| #ifdef HAVE_STDIO_H
| # include <stdio.h>
| #endif
| #ifdef HAVE_STDLIB_H
| # include <stdlib.h>
| #endif
| #ifdef HAVE_STRING_H
| # include <string.h>
| #endif
| #ifdef HAVE_INTTYPES_H
| # include <inttypes.h>
| #endif
| #ifdef HAVE_STDINT_H
| # include <stdint.h>
| #endif
| #ifdef HAVE_STRINGS_H
| # include <strings.h>
| #endif
| #ifdef HAVE_SYS_TYPES_H
| # include <sys/types.h>
| #endif
| #ifdef HAVE_SYS_STAT_H
| # include <sys/stat.h>
| #endif
| #ifdef HAVE_UNISTD_H
| # include <unistd.h>
| #endif
| int
| main (void)
| {
| if (sizeof ((uint16_t)))
| 	    return 0;
|   ;
|   return 0;
| }
configure:6048: result: yes
configure:6063: checking for int32_t
configure:6063: gcc -c -g -O2  conftest.c >&5
configure:6063: $? = 0
configure:6063: gcc -c -g -O2  conftest.c >&5
conftest.c: In function 'main':
conftest.c:66:22: error: expected expression before ')' token
   66 | if (sizeof ((int32_t)))
      |                      ^
configure:6063: $? = 1
configure: failed program was:
| /* confdefs.h */
| #define PACKAGE_NAME ""
| #define PACKAGE_TARNAME ""
| #define PACKAGE_VERSION ""
| #define PACKAGE_STRING ""
| #define PACKAGE_BUGREPORT ""
| #define PACKAGE_URL ""
| #define HAVE_STDIO_H 1
| #define HAVE_STDLIB_H 1
| #define HAVE_STRING_H 1
| #define HAVE_INTTYPES_H 1
| #define HAVE_STDINT_H 1
| #define HAVE_STRINGS_H 1
| #define HAVE_SYS_STAT_H 1
| #define HAVE_SYS_TYPES_H 1
| #define HAVE_UNISTD_H 1
| #define HAVE_SYS_TIME_H 1
| #define STDC_HEADERS 1
| #define HAVE_CRYPT_H 1
| #define HAVE_POLL_H 1
| #define HAVE_INTTYPES_H 1
| #define HAVE_STDINT_H 1
| #define HAVE_SYS_EPOLL_H 1
| #define HAVE_SYS_PARAM_H 1
| #define HAVE_SYS_RESOURCE_H 1
| #define HAVE_SYS_SOCKET_H 1
| #define TIME_WITH_SYS_TIME 1
| #define SIZEOF_SHORT 2
| #define SIZEOF_INT 4
| #define SIZEOF_LONG 8
| #define SIZEOF_VOID_P 8
| #define SIZEOF_INT64_T 8
| #define SIZEOF_LONG_LONG 8
| /* end confdefs.h.  */
| #include <stddef.h>
| #ifdef HAVE_STDIO_H
| # include <stdio.h>
| #endif
| #ifdef HAVE_STDLIB_H
| # include <stdlib.h>
| #endif
| #ifdef HAVE_STRING_H
| # include <string.h>
| #endif
| #ifdef HAVE_INTTYPES_H
| # include <inttypes.h>
| #endif
| #ifdef HAVE_STDINT_H
| # include <stdint.h>
| #endif
| #ifdef HAVE_STRINGS_H
| # include <strings.h>
| #endif
| #ifdef HAVE_SYS_TYPES_H
| # include <sys/types.h>
| #endif
| #ifdef HAVE_SYS_STAT_H
| # include <sys/stat.h>
| #endif
| #ifdef HAVE_UNISTD_H
| # include <unistd.h>
| #endif
| int
| main (void)
| {
| if (sizeof ((int32_t)))
| 	    return 0;
|   ;
|   return 0;
| }
configure:6063: result: yes
configure:6074: checking for uint32_t
configure:6074: gcc -c -g -O2  conftest.c >&5
configure:6074: $? = 0
configure:6074: gcc -c -g -O2  conftest.c >&5
conftest.c: In function 'main':
conftest.c:66:23: error: expected expression before ')' token
   66 | if (sizeof ((uint32_t)))
      |                       ^
configure:6074: $? = 1
configure: failed program was:
| /* confdefs.h */
| #define PACKAGE_NAME ""
| #define PACKAGE_TARNAME ""
| #define PACKAGE_VERSION ""
| #define PACKAGE_STRING ""
| #define PACKAGE_BUGREPORT ""
| #define PACKAGE_URL ""
| #define HAVE_STDIO_H 1
| #define HAVE_STDLIB_H 1
| #define HAVE_STRING_H 1
| #define HAVE_INTTYPES_H 1
| #define HAVE_STDINT_H 1
| #define HAVE_STRINGS_H 1
| #define HAVE_SYS_STAT_H 1
| #define HAVE_SYS_TYPES_H 1
| #define HAVE_UNISTD_H 1
| #define HAVE_SYS_TIME_H 1
| #define STDC_HEADERS 1
| #define HAVE_CRYPT_H 1
| #define HAVE_POLL_H 1
| #define HAVE_INTTYPES_H 1
| #define HAVE_STDINT_H 1
| #define HAVE_SYS_EPOLL_H 1
| #define HAVE_SYS_PARAM_H 1
| #define HAVE_SYS_RESOURCE_H 1
| #define HAVE_SYS_SOCKET_H 1
| #define TIME_WITH_SYS_TIME 1
| #define SIZEOF_SHORT 2
| #define SIZEOF_INT 4
| #define SIZEOF_LONG 8
| #define SIZEOF_VOID_P 8
| #define SIZEOF_INT64_T 8
| #define SIZEOF_LONG_LONG 8
| /* end confdefs.h.  */
| #include <stddef.h>
| #ifdef HAVE_STDIO_H
| # include <stdio.h>
| #endif
| #ifdef HAVE_STDLIB_H
| # include <stdlib.h>
| #endif
| #ifdef HAVE_STRING_H
| # include <string.h>
| #endif
| #ifdef HAVE_INTTYPES_H
| # include <inttypes.h>
| #endif
| #ifdef HAVE_STDINT_H
| # include <stdint.h>
| #endif
| #ifdef HAVE_STRINGS_H
| # include <strings.h>
| #endif
| #ifdef HAVE_SYS_TYPES_H
| # include <sys/types.h>
| #endif
| #ifdef HAVE_SYS_STAT_H
| # include <sys/stat.h>
| #endif
| #ifdef HAVE_UNISTD_H
| # include <unistd.h>
| #endif
| int
| main (void)
| {
| if (sizeof ((uint32_t)))
| 	    return 0;
|   ;
|   return 0;
| }
configure:6074: result: yes
configure:6135: checking for int64_t
configure:6135: gcc -c -g -O2  conftest.c >&5
configure:6135: $? = 0
configure:6135: gcc -c -g -O2  conftest.c >&5
conftest.c: In function 'main':
conftest.c:66:22: error: expected expression before ')' token
   66 | if (sizeof ((int64_t)))
      |                      ^
configure:6135: $? = 1
configure: failed program was:
| /* confdefs.h */
| #define PACKAGE_NAME ""
| #define PACKAGE_TARNAME ""
| #define PACKAGE_VERSION ""
| #define PACKAGE_STRING ""
| #define PACKAGE_BUGREPORT ""
| #define PACKAGE_URL ""
| #define HAVE_STDIO_H 1
| #define HAVE_STDLIB_H 1
| #define HAVE_STRING_H 1
| #define HAVE_INTTYPES_H 1
| #define HAVE_STDINT_H 1
| #define HAVE_STRINGS_H 1
| #define HAVE_SYS_STAT_H 1
| #define HAVE_SYS_TYPES_H 1
| #define HAVE_UNISTD_H 1
| #define HAVE_SYS_TIME_H 1
| #define STDC_HEADERS 1
| #define HAVE_CRYPT_H 1
| #define HAVE_POLL_H 1
| #define HAVE_INTTYPES_H 1
| #define HAVE_STDINT_H 1
| #define HAVE_SYS_EPOLL_H 1
| #define HAVE_SYS_PARAM_H 1
| #define HAVE_SYS_RESOURCE_H 1
| #define HAVE_SYS_SOCKET_H 1
| #define TIME_WITH_SYS_TIME 1
| #define SIZEOF_SHORT 2
| #define SIZEOF_INT 4
| #define SIZEOF_LONG 8
| #define SIZEOF_VOID_P 8
| #define SIZEOF_INT64_T 8
| #define SIZEOF_LONG_LONG 8
| /* end confdefs.h.  */
| #include <stddef.h>
| #ifdef HAVE_STDIO_H
| # include <stdio.h>
| #endif
| #ifdef HAVE_STDLIB_H
| # include <stdlib.h>
| #endif
| #ifdef HAVE_STRING_H
| # include <string.h>
| #endif
| #ifdef HAVE_INTTYPES_H
| # include <inttypes.h>
| #endif
| #ifdef HAVE_STDINT_H
| # include <stdint.h>
| #endif
| #ifdef HAVE_STRINGS_H
| # include <strings.h>
| #endif
| #ifdef HAVE_SYS_TYPES_H
| # include <sys/types.h>
| #endif
| #ifdef HAVE_SYS_STAT_H
| # include <sys/stat.h>
| #endif
| #ifdef HAVE_UNISTD_H
| # include <unistd.h>
| #endif
| int
| main (void)
| {
| if (sizeof ((int64_t)))
| 	    return 0;
|   ;
|   return 0;
| }
configure:6135: result: yes
configure:6141: checking for uint64_t
configure:6141: gcc -c -g -O2  conftest.c >&5
configure:6141: $? = 0
configure:6141: gcc -c -g -O2  conftest.c >&5
conftest.c: In function 'main':
conftest.c:66:23: error: expected expression before ')' token
   66 | if (sizeof ((uint64_t)))
      |                       ^
configure:6141: $? = 1
configure: failed program was:
| /* confdefs.h */
| #define PACKAGE_NAME ""
| #define PACKAGE_TARNAME ""
| #define PACKAGE_VERSION ""
| #define PACKAGE_STRING ""
| #define PACKAGE_BUGREPORT ""
| #define PACKAGE_URL ""
| #define HAVE_STDIO_H 1
| #define HAVE_STDLIB_H 1
| #define HAVE_STRING_H 1
| #define HAVE_INTTYPES_H 1
| #define HAVE_STDINT_H 1
| #define HAVE_STRINGS_H 1
| #define HAVE_SYS_STAT_H 1
| #define HAVE_SYS_TYPES_H 1
| #define HAVE_UNISTD_H 1
| #define HAVE_SYS_TIME_H 1
| #define STDC_HEADERS 1
| #define HAVE_CRYPT_H 1
| #define HAVE_POLL_H 1
| #define HAVE_INTTYPES_H 1
| #define HAVE_STDINT_H 1
| #define HAVE_SYS_EPOLL_H 1
| #define HAVE_SYS_PARAM_H 1
| #define HAVE_SYS_RESOURCE_H 1
| #define HAVE_SYS_SOCKET_H 1
| #define TIME_WITH_SYS_TIME 1
| #define SIZEOF_SHORT 2
| #define SIZEOF_INT 4
| #define SIZEOF_LONG 8
| #define SIZEOF_VOID_P 8
| #define SIZEOF_INT64_T 8
| #define SIZEOF_LONG_LONG 8
| /* end confdefs.h.  */
| #include <stddef.h>
| #ifdef HAVE_STDIO_H
| # include <stdio.h>
| #endif
| #ifdef HAVE_STDLIB_H
| # include <stdlib.h>
| #endif
| #ifdef HAVE_STRING_H
| # include <string.h>
| #endif
| #ifdef HAVE_INTTYPES_H
| # include <inttypes.h>
| #endif
| #ifdef HAVE_STDINT_H
| # include <stdint.h>
| #endif
| #ifdef HAVE_STRINGS_H
| # include <strings.h>
| #endif
| #ifdef HAVE_SYS_TYPES_H
| # include <sys/types.h>
| #endif
| #ifdef HAVE_SYS_STAT_H
| # include <sys/stat.h>
| #endif
| #ifdef HAVE_UNISTD_H
| # include <unistd.h>
| #endif
| int
| main (void)
| {
| if (sizeof ((uint64_t)))
| 	    return 0;
|   ;
|   return 0;
| }
configure:6141: result: yes
configure:6173: checking for struct sockaddr_in6
configure:6173: gcc -c -g -O2  conftest.c >&5
configure:6173: $? = 0
configure:6173: gcc -c -g -O2  conftest.c >&5
conftest.c: In function 'main':
conftest.c:41:34: error: expected expression before ')' token
   41 | if (sizeof ((struct sockaddr_in6)))
      |                                  ^
configure:6173: $? = 1
configure: failed program was:
| /* confdefs.h */
| #define PACKAGE_NAME ""
| #define PACKAGE_TARNAME ""
| #define PACKAGE_VERSION ""
| #define PACKAGE_STRING ""
| #define PACKAGE_BUGREPORT ""
| #define PACKAGE_URL ""
| #define HAVE_STDIO_H 1
| #define HAVE_STDLIB_H 1
| #define HAVE_STRING_H 1
| #define HAVE_INTTYPES_H 1
| #define HAVE_STDINT_H 1
| #define HAVE_STRINGS_H 1
| #define HAVE_SYS_STAT_H 1
| #define HAVE_SYS_TYPES_H 1
| #define HAVE_UNISTD_H 1
| #define HAVE_SYS_TIME_H 1
| #define STDC_HEADERS 1
| #define HAVE_CRYPT_H 1
| #define HAVE_POLL_H 1
| #define HAVE_INTTYPES_H 1
| #define HAVE_STDINT_H 1
| #define HAVE_SYS_EPOLL_H 1
| #define HAVE_SYS_PARAM_H 1
| #define HAVE_SYS_RESOURCE_H 1
| #define HAVE_SYS_SOCKET_H 1
| #define TIME_WITH_SYS_TIME 1
| #define SIZEOF_SHORT 2
| #define SIZEOF_INT 4
| #define SIZEOF_LONG 8
| #define SIZEOF_VOID_P 8
| #define SIZEOF_INT64_T 8
| #define SIZEOF_LONG_LONG 8
| /* end confdefs.h.  */
| #include <sys/types.h>
| #include <netinet/in.h>
| 
| int
| main (void)
| {
| if (sizeof ((struct sockaddr_in6)))
| 	    return 0;
|   ;
|   return 0;
| }
configure:6173: result: yes
configure:6185: checking for socklen_t
configure:6185: gcc -c -g -O2  conftest.c >&5
configure:6185: $? = 0
configure:6185: gcc -c -g -O2  conftest.c >&5
conftest.c: In function 'main':
conftest.c:41:24: error: expected expression before ')' token
   41 | if (sizeof ((socklen_t)))
      |                        ^
configure:6185: $? = 1
configure: failed program was:
| /* confdefs.h */
| #define PACKAGE_NAME ""
| #define PACKAGE_TARNAME ""
| #define PACKAGE_VERSION ""
| #define PACKAGE_STRING ""
| #define PACKAGE_BUGREPORT ""
| #define PACKAGE_URL ""
| #define HAVE_STDIO_H 1
| #define HAVE_STDLIB_H 1
| #define HAVE_STRING_H 1
| #define HAVE_INTTYPES_H 1
| #define HAVE_STDINT_H 1
| #define HAVE_STRINGS_H 1
| #define HAVE_SYS_STAT_H 1
| #define HAVE_SYS_TYPES_H 1
| #define HAVE_UNISTD_H 1
| #define HAVE_SYS_TIME_H 1
| #define STDC_HEADERS 1
| #define HAVE_CRYPT_H 1
| #define HAVE_POLL_H 1
| #define HAVE_INTTYPES_H 1
| #define HAVE_STDINT_H 1
| #define HAVE_SYS_EPOLL_H 1
| #define HAVE_SYS_PARAM_H 1
| #define HAVE_SYS_RESOURCE_H 1
| #define HAVE_SYS_SOCKET_H 1
| #define TIME_WITH_SYS_TIME 1
| #define SIZEOF_SHORT 2
| #define SIZEOF_INT 4
| #define SIZEOF_LONG 8
| #define SIZEOF_VOID_P 8
| #define SIZEOF_INT64_T 8
| #define SIZEOF_LONG_LONG 8
| /* end confdefs.h.  */
| #include <sys/types.h>
| #include<sys/socket.h>
| 
| int
| main (void)
| {
| if (sizeof ((socklen_t)))
| 	    return 0;
|   ;
|   return 0;
| }
configure:6185: result: yes
configure:6238: checking for kqueue
configure:6238: gcc -o conftest -g -O2   conftest.c -lcrypt  >&5
/usr/bin/ld: /tmp/ccEr05tx.o: in function `main':
/home/runner/work/midircd/midircd/conftest.c:62:(.text.startup+0x9): undefined reference to `kqueue'
collect2: error: ld returned 1 exit status
configure:6238: $? = 1
configure: failed program was:
| /* confdefs.h */
| #define PACKAGE_NAME ""
| #define PACKAGE_TARNAME ""
| #define PACKAGE_VERSION ""
| #define PACKAGE_STRING ""
| #define PACKAGE_BUGREPORT ""
| #define PACKAGE_URL ""
| #define HAVE_STDIO_H 1
| #define HAVE_STDLIB_H 1
| #define HAVE_STRING_H 1
| #define HAVE_INTTYPES_H 1
| #define HAVE_STDINT_H 1
| #define HAVE_STRINGS_H 1
| #define HAVE_SYS_STAT_H 1
| #define HAVE_SYS_TYPES_H 1
| #define HAVE_UNISTD_H 1
| #define HAVE_SYS_TIME_H 1
| #define STDC_HEADERS 1
| #define HAVE_CRYPT_H 1
| #define HAVE_POLL_H 1
| #define HAVE_INTTYPES_H 1
| #define HAVE_STDINT_H 1
| #define HAVE_SYS_EPOLL_H 1
| #define HAVE_SYS_PARAM_H 1
| #define HAVE_SYS_RESOURCE_H 1
| #define HAVE_SYS_SOCKET_H 1
| #define TIME_WITH_SYS_TIME 1
| #define SIZEOF_SHORT 2
| #define SIZEOF_INT 4
| #define SIZEOF_LONG 8
| #define SIZEOF_VOID_P 8
| #define SIZEOF_INT64_T 8
| #define SIZEOF_LONG_LONG 8
| /* end confdefs.h.  */
| /* Define kqueue to an innocuous variant, in case <limits.h> declares kqueue.
|    For example, HP-UX 11i <limits.h> declares gettimeofday.  */
| #define kqueue innocuous_kqueue
| 
| /* System header to define __stub macros and hopefully few prototypes,
|    which can conflict with char kqueue (void); below.  */
| 
| #include <limits.h>
| #undef kqueue
| 
| /* Override any GCC internal prototype to avoid an error.
|    Use char because int might match the return type of a GCC
|    builtin and then its argument prototype would still apply.  */
| #ifdef __cplusplus
| extern "C"
| #endif
| char kqueue (void);
| /* The GNU C library defines this for functions which it implements
|     to always fail with ENOSYS.  Some functions are actually named
|     something starting with __ and the normal name is an alias.  */
| #if defined __stub_kqueue || defined __stub___kqueue
| choke me
| #endif
| 
| int
| main (void)
| {
| return kqueue ();
|   ;
|   return 0;
| }
configure:6238: result: no
configure:6244: checking for setrlimit
configure:6244: gcc -o conftest -g -O2   conftest.c -lcrypt  >&5
configure:6244: $? = 0
configure:6244: result: yes
configure:6250: checking for getrusage
configure:6250: gcc -o conftest -g -O2   conftest.c -lcrypt  >&5
configure:6250: $? = 0
configure:6250: result: yes
configure:6256: checking for times
configure:6256: gcc -o conftest -g -O2   conftest.c -lcrypt  >&5
configure:6256: $? = 0
configure:6256: result: yes
configure:6264: checking for donuts
configure:6266: result: yes
configure:6273: checking for gawk
configure:6294: found /usr/bin/gawk
configure:6306: result: gawk
configure:6317: checking whether make sets $(MAKE)
configure:6341: result: yes
configure:6365: checking for a BSD-compatible install
configure:6439: result: /usr/bin/install -c
configure:6450: checking whether ln -s works
configure:6454: result: yes
configure:6465: checking for rm
configure:6488: found /usr/bin/rm
configure:6501: result: /usr/bin/rm
configure:6517: checking for sh
configure:6540: found /usr/bin/sh
configure:6553: result: /usr/bin/sh
configure:6570: checking for flex
configure:6591: found /usr/bin/flex
configure:6603: result: flex
configure:6652: checking for lex output file root
configure:6665: flex conftest.l
configure:6669: $? = 0
configure:6678: result: lex.yy
configure:6693: checking for lex library
configure:6718: gcc -o conftest -g -O2   conftest.c -lcrypt  >&5
configure:6718: $? = 0
configure:6732: result: none needed
configure:6748: checking for library containing yywrap
configure:6784: gcc -o conftest -g -O2   conftest.c  >&5
/usr/bin/ld: /tmp/cclkog5M.o: in function `main':
/home/runner/work/midircd/midircd/conftest.c:52:(.text.startup+0x9): undefined reference to `yywrap'
collect2: error: ld returned 1 exit status
configure:6784: $? = 1
configure: failed program was:
| /* confdefs.h */
| #define PACKAGE_NAME ""
| #define PACKAGE_TARNAME ""
| #define PACKAGE_VERSION ""
| #define PACKAGE_STRING ""
| #define PACKAGE_BUGREPORT ""
| #define PACKAGE_URL ""
| #define HAVE_STDIO_H 1
| #define HAVE_STDLIB_H 1
| #define HAVE_STRING_H 1
| #define HAVE_INTTYPES_H 1
| #define HAVE_STDINT_H 1
| #define HAVE_STRINGS_H 1
| #define HAVE_SYS_STAT_H 1
| #define HAVE_SYS_TYPES_H 1
| #define HAVE_UNISTD_H 1
| #define HAVE_SYS_TIME_H 1
| #define STDC_HEADERS 1
| #define HAVE_CRYPT_H 1
| #define HAVE_POLL_H 1
| #define HAVE_INTTYPES_H 1
| #define HAVE_STDINT_H 1
| #define HAVE_SYS_EPOLL_H 1
| #define HAVE_SYS_PARAM_H 1
| #define HAVE_SYS_RESOURCE_H 1
| #define HAVE_SYS_SOCKET_H 1
| #define TIME_WITH_SYS_TIME 1
| #define SIZEOF_SHORT 2
| #define SIZEOF_INT 4
| #define SIZEOF_LONG 8
| #define SIZEOF_VOID_P 8
| #define SIZEOF_INT64_T 8
| #define SIZEOF_LONG_LONG 8
| #define HAVE_SETRLIMIT 1
| #define HAVE_GETRUSAGE 1
| #define HAVE_TIMES 1
| /* end confdefs.h.  */
| 
| /* Override any GCC internal prototype to avoid an error.
|    Use char because int might match the return type of a GCC
|    builtin and then its argument prototype would still apply.
|    The 'extern "C"' is for builds by C++ compilers;
|    although this is not generally supported in C code supporting it here
|    has little cost and some practical benefit (sr 110532).  */
| #ifdef __cplusplus
| extern "C"
| #endif
| char yywrap (void);
| int
| main (void)
| {
| return yywrap ();
|   ;
|   return 0;
| }
configure:6784: gcc -o conftest -g -O2   conftest.c -lfl   >&5
/usr/bin/ld: cannot find -lfl: No such file or directory
collect2: error: ld returned 1 exit status
configure:6784: $? = 1
configure: failed program was:
| /* confdefs.h */
| #define PACKAGE_NAME ""
| #define PACKAGE_TARNAME ""
| #define PACKAGE_VERSION ""
| #define PACKAGE_STRING ""
| #define PACKAGE_BUGREPORT ""
| #define PACKAGE_URL ""
| #define HAVE_STDIO_H 1
| #define HAVE_STDLIB_H 1
| #define HAVE_STRING_H 1
| #define HAVE_INTTYPES_H 1
| #define HAVE_STDINT_H 1
| #define HAVE_STRINGS_H 1
| #define HAVE_SYS_STAT_H 1
| #define HAVE_SYS_TYPES_H 1
| #define HAVE_UNISTD_H 1
| #define HAVE_SYS_TIME_H 1
| #define STDC_HEADERS 1
| #define HAVE_CRYPT_H 1
| #define HAVE_POLL_H 1
| #define HAVE_INTTYPES_H 1
| #define HAVE_STDINT_H 1
| #define HAVE_SYS_EPOLL_H 1
| #define HAVE_SYS_PARAM_H 1
| #define HAVE_SYS_RESOURCE_H 1
| #define HAVE_SYS_SOCKET_H 1
| #define TIME_WITH_SYS_TIME 1
| #define SIZEOF_SHORT 2
| #define SIZEOF_INT 4
| #define SIZEOF_LONG 8
| #define SIZEOF_VOID_P 8
| #define SIZEOF_INT64_T 8
| #define SIZEOF_LONG_LONG 8
| #define HAVE_SETRLIMIT 1
| #define HAVE_GETRUSAGE 1
| #define HAVE_TIMES 1
| /* end confdefs.h.  */
| 
| /* Override any GCC internal prototype to avoid an error.
|    Use char because int might match the return type of a GCC
|    builtin and then its argument prototype would still apply.
|    The 'extern "C"' is for builds by C++ compilers;
|    although this is not generally supported in C code supporting it here
|    has little cost and some practical benefit (sr 110532).  */
| #ifdef __cplusplus
| extern "C"
| #endif
| char yywrap (void);
| int
| main (void)
| {
| return yywrap ();
|   ;
|   return 0;
| }
configure:6784: gcc -o conftest -g -O2   conftest.c -ll   >&5
/usr/bin/ld: cannot find -ll: No such file or directory
collect2: error: ld returned 1 exit status
configure:6784: $? = 1
configure: failed program was:
| /* confdefs.h */
| #define PACKAGE_NAME ""
| #define PACKAGE_TARNAME ""
| #define PACKAGE_VERSION ""
| #define PACKAGE_STRING ""
| #define PACKAGE_BUGREPORT ""
| #define PACKAGE_URL ""
| #define HAVE_STDIO_H 1
| #define HAVE_STDLIB_H 1
| #define HAVE_STRING_H 1
| #define HAVE_INTTYPES_H 1
| #define HAVE_STDINT_H 1
| #define HAVE_STRINGS_H 1
| #define HAVE_SYS_STAT_H 1
| #define HAVE_SYS_TYPES_H 1
| #define HAVE_UNISTD_H 1
| #define HAVE_SYS_TIME_H 1
| #define STDC_HEADERS 1
| #define HAVE_CRYPT_H 1
| #define HAVE_POLL_H 1
| #define HAVE_INTTYPES_H 1
| #define HAVE_STDINT_H 1
| #define HAVE_SYS_EPOLL_H 1
| #define HAVE_SYS_PARAM_H 1
| #define HAVE_SYS_RESOURCE_H 1
| #define HAVE_SYS_SOCKET_H 1
| #define TIME_WITH_SYS_TIME 1
| #define SIZEOF_SHORT 2
| #define SIZEOF_INT 4
| #define SIZEOF_LONG 8
| #define SIZEOF_VOID_P 8
| #define SIZEOF_INT64_T 8
| #define SIZEOF_LONG_LONG 8
| #define HAVE_SETRLIMIT 1
| #define HAVE_GETRUSAGE 1
| #define HAVE_TIMES 1
| /* end confdefs.h.  */
| 
| /* Override any GCC internal prototype to avoid an error.
|    Use char because int might match the return type of a GCC
|    builtin and then its argument prototype would still apply.
|    The 'extern "C"' is for builds by C++ compilers;
|    although this is not generally supported in C code supporting it here
|    has little cost and some practical benefit (sr 110532).  */
| #ifdef __cplusplus
| extern "C"
| #endif
| char yywrap (void);
| int
| main (void)
| {
| return yywrap ();
|   ;
|   return 0;
| }
configure:6806: result: no
configure:6823: checking whether yytext is a pointer
configure:6839: gcc -c -g -O2  conftest.c >&5
configure:6839: $? = 0
configure:6847: result: yes
configure:6871: checking for bison
configure:6892: found /usr/bin/bison
configure:6904: result: bison -y
configure:6925: checking for posix non-blocking
configure:6964: gcc -o conftest -g -O2   conftest.c -lcrypt  >&5
conftest.c:45:2: warning: return type defaults to 'int' [-Wimplicit-int]
   45 |  alarmed() { exit(1); }
      |  ^~~~~~~
conftest.c: In function 'alarmed':
conftest.c:45:14: warning: implicit declaration of function 'exit' [-Wimplicit-function-declaration]
   45 |  alarmed() { exit(1); }
      |              ^~~~
conftest.c:45:1: note: include '<stdlib.h>' or provide a declaration of 'exit'
   44 | #include <signal.h>
  +++ |+#include <stdlib.h>
   45 |  alarmed() { exit(1); }
conftest.c:45:14: warning: incompatible implicit declaration of built-in function 'exit' [-Wbuiltin-declaration-mismatch]
   45 |  alarmed() { exit(1); }
      |              ^~~~
conftest.c:45:14: note: include '<stdlib.h>' or provide a declaration of 'exit'
conftest.c: In function 'main':
conftest.c:54:21: warning: passing argument 2 of 'signal' from incompatible pointer type [-Wincompatible-pointer-types]
   54 |     signal(SIGALRM, alarmed);
      |                     ^~~~~~~
      |                     |
      |                     int (*)()
In file included from conftest.c:44:
/usr/include/signal.h:88:57: note: expected '__sighandler_t' {aka 'void (*)(int)'} but argument is of type 'int (*)()'
   88 | extern __sighandler_t signal (int __sig, __sighandler_t __handler)
      |                                          ~~~~~~~~~~~~~~~^~~~~~~~~
conftest.c:55:5: warning: implicit declaration of function 'alarm'; did you mean 'alarmed'? [-Wimplicit-function-declaration]
   55 |     alarm(2);
      |     ^~~~~
      |     alarmed
conftest.c:56:31: warning: passing argument 6 of 'recvfrom' from incompatible pointer type [-Wincompatible-pointer-types]
   56 |     recvfrom(f, b, 12, 0, &x, &l);
      |                               ^~
      |                               |
      |                               size_t * {aka long unsigned int *}
In file included from /usr/include/x86_64-linux-gnu/sys/socket.h:343,
                 from conftest.c:40:
/usr/include/x86_64-linux-gnu/bits/socket2.h:62:56: note: expected 'socklen_t * restrict' {aka 'unsigned int * restrict'} but argument is of type 'size_t *' {aka 'long unsigned int *'}
   62 |           __SOCKADDR_ARG __addr, socklen_t *__restrict __addr_len)
      |                                  ~~~~~~~~~~~~~~~~~~~~~~^~~~~~~~~~
conftest.c:58:5: warning: incompatible implicit declaration of built-in function 'exit' [-Wbuiltin-declaration-mismatch]
   58 |     exit(0);
      |     ^~~~
conftest.c:58:5: note: include '<stdlib.h>' or provide a declaration of 'exit'
conftest.c:60:3: warning: incompatible implicit declaration of built-in function 'exit' [-Wbuiltin-declaration-mismatch]
   60 |   exit(1);
      |   ^~~~
conftest.c:60:3: note: include '<stdlib.h>' or provide a declaration of 'exit'
configure:6964: $? = 0
configure:6964: ./conftest
configure:6964: $? = 0
configure:6978: result: yes
configure:7050: checking for posix signals
configure:7067: gcc -c -g -O2  conftest.c >&5
configure:7067: $? = 0
configure:7077: result: yes
configure:7142: checking for OS-dependent information
configure:7146: result: Linux (x86_64-unknown-linux-gnu) found.
configure:7205: checking whether to enable use of poll()
configure:7229: result: yes
configure:7242: checking whether to enable debug mode
configure:7260: result: no
configure:7269: checking whether to enable leak detection
configure:7288: result: 
configure:7309: checking whether to use IPv6
configure:7318: result: yes
configure:7326: checking whether to enable asserts
configure:7344: result: yes
configure:7353: checking whether to enable profiling support (gprof)
configure:7371: result: no
configure:7379: checking whether to enable pedantic compiler warnings
configure:7397: result: no
configure:7404: checking whether to enable compiler warnings
configure:7422: result: no
configure:7429: checking whether to enable inlining for a few critical functions
configure:7447: result: yes
configure:7456: checking whether to enable the /dev/poll event engine
configure:7479: result: no
configure:7489: checking whether to enable the kqueue event engine
configure:7512: result: no
configure:7522: checking whether to enable the epoll event engine
configure:7545: result: yes
configure:7549: checking whether epoll functions are properly defined
configure:7562: gcc -o conftest -g -O2   conftest.c -lcrypt  >&5
configure:7562: $? = 0
configure:7564: result: yes
configure:7582: checking for va_copy
configure:7599: gcc -o conftest -g -O2   conftest.c -lcrypt  >&5
configure:7599: $? = 0
configure:7611: result: yes
configure:7619: checking for __va_copy
configure:7636: gcc -o conftest -g -O2   conftest.c -lcrypt  >&5
configure:7636: $? = 0
configure:7648: result: yes
configure:7656: checking what name to give the symlink
configure:7680: result: ircd
configure:7693: checking what permissions to set on the installed binary
configure:7717: result: 711
configure:7724: checking which user should own the installed binary
configure:7748: result: runner
configure:7755: checking which group should own the installed binary
configure:7779: result: docker
configure:7792: checking for site domain name
configure:7819: result: jpd3j43tuizetgr1ywwment5vf.dx.internal.cloudapp.net
configure:7826: checking if chroot operation is desired
configure:7853: result: no
configure:7879: checking where the binary will be for /restart
configure:7886: result: /home/runner/bin/ircd
configure:7902: checking what the data directory should be
configure:7929: result: /home/runner/lib
configure:7949: checking where the default configuration file resides
configure:7973: result: ircd.conf
configure:7995: checking where to put the debugging log if debugging enabled
configure:8019: result: ircd.log
configure:8053: checking max connections
configure:8082: result: 65532
configure:8157: checking for pkg-config
configure:8190: result: /usr/bin/pkg-config
configure:8261: checking whether compiling and linking against OpenSSL works
Trying link with OPENSSL_LDFLAGS=; OPENSSL_LIBS=-lssl -lcrypto ; OPENSSL_INCLUDES=
configure:8283: gcc -o conftest -g -O2     conftest.c -lssl -lcrypto  -lcrypt  >&5
configure:8283: $? = 0
configure:8286: result: yes
configure:8310: checking for GNUTLS
configure:8317: $PKG_CONFIG --exists --print-errors "gnutls"
Package gnutls was not found in the pkg-config search path.
Perhaps you should add the directory containing `gnutls.pc'
to the PKG_CONFIG_PATH environment variable
Package 'gnutls', required by 'virtual:world', not found
configure:8320: $? = 1
configure:8334: $PKG_CONFIG --exists --print-errors "gnutls"
Package gnutls was not found in the pkg-config search path.
Perhaps you should add the directory containing `gnutls.pc'
to the PKG_CONFIG_PATH environment variable
Package 'gnutls', required by 'virtual:world', not found
configure:8337: $? = 1
configure:8351: result: no
Package 'gnutls', required by 'virtual:world', not found
configure:8379: checking for OpenBSD-style libtls
configure:8398: gcc -o conftest -g -O2   conftest.c -lcrypt  -ltls >&5
conftest.c:53:10: fatal error: tls.h: No such file or directory
   53 | #include <tls.h>
      |          ^~~~~~~
compilation terminated.
configure:8398: $? = 1
configure: failed program was:
| /* confdefs.h */
| #define PACKAGE_NAME ""
| #define PACKAGE_TARNAME ""
| #define PACKAGE_VERSION ""
| #define PACKAGE_STRING ""
| #define PACKAGE_BUGREPORT ""
| #define PACKAGE_URL ""
| #define HAVE_STDIO_H 1
| #define HAVE_STDLIB_H 1
| #define HAVE_STRING_H 1
| #define HAVE_INTTYPES_H 1
| #define HAVE_STDINT_H 1
| #define HAVE_STRINGS_H 1
| #define HAVE_SYS_STAT_H 1
| #define HAVE_SYS_TYPES_H 1
| #define HAVE_UNISTD_H 1
| #define HAVE_SYS_TIME_H 1
| #define STDC_HEADERS 1
| #define HAVE_CRYPT_H 1
| #define HAVE_POLL_H 1
| #define HAVE_INTTYPES_H 1
| #define HAVE_STDINT_H 1
| #define HAVE_SYS_EPOLL_H 1
| #define HAVE_SYS_PARAM_H 1
| #define HAVE_SYS_RESOURCE_H 1
| #define HAVE_SYS_SOCKET_H 1
| #define TIME_WITH_SYS_TIME 1
| #define SIZEOF_SHORT 2
| #define SIZEOF_INT 4
| #define SIZEOF_LONG 8
| #define SIZEOF_VOID_P 8
| #define SIZEOF_INT64_T 8
| #define SIZEOF_LONG_LONG 8
| #define HAVE_SETRLIMIT 1
| #define HAVE_GETRUSAGE 1
| #define HAVE_TIMES 1
| #define YYTEXT_POINTER 1
| #define NBLOCK_POSIX /**/
| #define POSIX_SIGNALS /**/
| #define USE_POLL 1
| #define IPV6 1
| #define FORCEINLINE 1
| #define USE_EPOLL 1
| #define HAVE_VA_COPY 1
| #define HAVE___VA_COPY 1
| #define DOMAINNAME "*jpd3j43tuizetgr1ywwment5vf.dx.internal.cloudapp.net"
| #define SPATH "/home/runner/bin/ircd"
| #define DPATH "/home/runner/lib"
| #define CPATH "ircd.conf"
| #define LPATH "ircd.log"
| #define MAXCONNECTIONS 65532
| /* end confdefs.h.  */
| #include <tls.h>
| int
| main (void)
| {
| tls_init()
|   ;
|   return 0;
| }
configure:8411: result: no
configure:8414: checking for a TLS library
configure:8476: result: openssl
configure:8481: checking for SSL_set_ciphersuites
configure:8481: gcc -o conftest -g -O2     conftest.c -lcrypt  -lssl -lcrypto  >&5
configure:8481: $? = 0
configure:8481: result: yes
configure:8599: creating ./config.status

## ---------------------- ##
## Running config.status. ##
## ---------------------- ##

This file was extended by config.status, which was
generated by GNU Autoconf 2.72.  Invocation command line was

  CONFIG_FILES    = 
  CONFIG_HEADERS  = 
  CONFIG_LINKS    = 
  CONFIG_COMMANDS = 
  $ ./config.status 

on pkrvmq0rgcvqdmg

config.status:869: creating Makefile
config.status:869: creating ircd/Makefile
config.status:869: creating ircd/test/Makefile
config.status:869: creating config.h

## ---------------- ##
## Cache variables. ##
## ---------------- ##

ac_cv_build=x86_64-unknown-linux-gnu
ac_cv_c_bigendian=no
ac_cv_c_compiler_gnu=yes
ac_cv_env_CC_set=
ac_cv_env_CC_value=
ac_cv_env_CFLAGS_set=
ac_cv_env_CFLAGS_value=
ac_cv_env_CPPFLAGS_set=
ac_cv_env_CPPFLAGS_value=
ac_cv_env_GNUTLS_CFLAGS_set=
ac_cv_env_GNUTLS_CFLAGS_value=
ac_cv_env_GNUTLS_LIBS_set=
ac_cv_env_GNUTLS_LIBS_value=
ac_cv_env_LDFLAGS_set=
ac_cv_env_LDFLAGS_value=
ac_cv_env_LIBS_set=
ac_cv_env_LIBS_value=
ac_cv_env_PKG_CONFIG_LIBDIR_set=
ac_cv_env_PKG_CONFIG_LIBDIR_value=
ac_cv_env_PKG_CONFIG_PATH_set=
ac_cv_env_PKG_CONFIG_PATH_value=
ac_cv_env_PKG_CONFIG_set=
ac_cv_env_PKG_CONFIG_value=
ac_cv_env_YACC_set=
ac_cv_env_YACC_value=
ac_cv_env_YFLAGS_set=
ac_cv_env_YFLAGS_value=
ac_cv_env_build_alias_set=
ac_cv_env_build_alias_value=
ac_cv_env_host_alias_set=
ac_cv_env_host_alias_value=
ac_cv_env_target_alias_set=
ac_cv_env_target_alias_value=
ac_cv_func_SSL_set_ciphersuites=yes
ac_cv_func_gethostbyname=yes
ac_cv_func_getrusage=yes
ac_cv_func_kqueue=no
ac_cv_func_setrlimit=yes
ac_cv_func_socket=yes
ac_cv_func_times=yes
ac_cv_header_crypt_h=yes
ac_cv_header_inttypes_h=yes
ac_cv_header_poll_h=yes
ac_cv_header_stdint_h=yes
ac_cv_header_stdio_h=yes
ac_cv_header_stdlib_h=yes
ac_cv_header_string_h=yes
ac_cv_header_strings_h=yes
ac_cv_header_sys_devpoll_h=no
ac_cv_header_sys_epoll_h=yes
ac_cv_header_sys_event_h=no
ac_cv_header_sys_param_h=yes
ac_cv_header_sys_resource_h=yes
ac_cv_header_sys_socket_h=yes
ac_cv_header_sys_stat_h=yes
ac_cv_header_sys_time_h=yes
ac_cv_header_sys_types_h=yes
ac_cv_header_unistd_h=yes
ac_cv_host=x86_64-unknown-linux-gnu
ac_cv_lib_lex='none needed'
ac_cv_objext=o
ac_cv_path_EGREP='/usr/bin/grep -E'
ac_cv_path_EGREP_TRADITIONAL='/usr/bin/grep -E'
ac_cv_path_GREP=/usr/bin/grep
ac_cv_path_RMPROG=/usr/bin/rm
ac_cv_path_SHPROG=/usr/bin/sh
ac_cv_path_ac_pt_PKG_CONFIG=/usr/bin/pkg-config
ac_cv_path_install='/usr/bin/install -c'
ac_cv_prog_AWK=gawk
ac_cv_prog_LEX=flex
ac_cv_prog_YACC='bison -y'
ac_cv_prog_ac_ct_CC=gcc
ac_cv_prog_ac_ct_PKG_CONFIG=/usr/bin/pkg-config
ac_cv_prog_cc_c11=
ac_cv_prog_cc_g=yes
ac_cv_prog_cc_stdc=
ac_cv_prog_lex_root=lex.yy
ac_cv_prog_lex_yytext_pointer=yes
ac_cv_prog_make_make_set=yes
ac_cv_search_crypt=-lcrypt
ac_cv_search_yywrap=no
ac_cv_sizeof_int64_t=8
ac_cv_sizeof_int=4
ac_cv_sizeof_long=8
ac_cv_sizeof_long_long=8
ac_cv_sizeof_short=2
ac_cv_sizeof_void_p=8
ac_cv_struct_tm=time.h
ac_cv_type_gid_t=yes
ac_cv_type_int16_t=yes
ac_cv_type_int32_t=yes
ac_cv_type_int64_t=yes
ac_cv_type_size_t=yes
ac_cv_type_socklen_t=yes
ac_cv_type_struct_sockaddr_in6=yes
ac_cv_type_uid_t=yes
ac_cv_type_uint16_t=yes
ac_cv_type_uint32_t=yes
ac_cv_type_uint64_t=yes
ac_cv_use_ipv6=yes
unet_cv_c___va_copy=yes
unet_cv_c_va_copy=yes
unet_cv_enable_asserts=yes
unet_cv_enable_debug=no
unet_cv_enable_devpoll=no
unet_cv_enable_epoll=yes
unet_cv_enable_inlines=yes
unet_cv_enable_kqueue=no
unet_cv_enable_pedantic=no
unet_cv_enable_poll=yes
unet_cv_enable_profile=no
unet_cv_enable_warnings=no
unet_cv_prefix=/home/runner
unet_cv_sys_nonblocking_posix=yes
unet_cv_sys_signal_posix=yes
unet_cv_with_chroot=no
unet_cv_with_cpath=ircd.conf
unet_cv_with_domain=jpd3j43tuizetgr1ywwment5vf.dx.internal.cloudapp.net
unet_cv_with_dpath=/home/runner/lib
unet_cv_with_group=docker
unet_cv_with_leak_detect=no
unet_cv_with_libtls=no
unet_cv_with_lpath=ircd.log
unet_cv_with_maxcon=65532
unet_cv_with_mode=711
unet_cv_with_owner=runner
unet_cv_with_symlink=ircd
unet_cv_with_tls=openssl

## ----------------- ##
## Output variables. ##
## ----------------- ##

AWK='gawk'
CC='gcc'
CFLAGS='-g -O2 '
CPPFLAGS=''
DEFS='-DHAVE_CONFIG_H'
DPATH='/home/runner/lib'
ECHO_C=''
ECHO_N='-n'
ECHO_T=''
EGREP='/usr/bin/grep -E'
ENGINE_C='engine_epoll.c engine_poll.c'
EXEEXT=''
GNUTLS_CFLAGS=''
GNUTLS_LIBS=''
GREP='/usr/bin/grep'
INSTALL_DATA='${INSTALL} -m 644'
INSTALL_PROGRAM='${INSTALL}'
INSTALL_RULE='install-with-symlink'
INSTALL_SCRIPT='${INSTALL}'
IRCDGRP='docker'
IRCDMODE='711'
IRCDOWN='runner'
LDFLAGS=' '
LEX='flex'
LEXLIB=''
LEX_OUTPUT_ROOT='lex.yy'
LIBOBJS=''
LIBS='-lcrypt  -lssl -lcrypto '
LN_S='ln -s'
LTLIBOBJS=''
OBJEXT='o'
OPENSSL_INCLUDES=''
OPENSSL_LDFLAGS=''
OPENSSL_LIBS='-lssl -lcrypto '
PACKAGE_BUGREPORT=''
PACKAGE_NAME=''
PACKAGE_STRING=''
PACKAGE_TARNAME=''
PACKAGE_URL=''
PACKAGE_VERSION=''
PATH_SEPARATOR=':'
PKG_CONFIG='/usr/bin/pkg-config'
PKG_CONFIG_LIBDIR=''
PKG_CONFIG_PATH=''
RMPROG='/usr/bin/rm'
SET_MAKE=''
SHELL='/bin/bash'
SHPROG='/usr/bin/sh'
SYMLINK='ircd'
TLS_C='tls_openssl.c'
YACC='bison -y'
YFLAGS=''
ac_ct_CC='gcc'
bindir='${exec_prefix}/bin'
build='x86_64-unknown-linux-gnu'
build_alias=''
build_cpu='x86_64'
build_os='linux-gnu'
build_vendor='unknown'
datadir='${datarootdir}'
datarootdir='${prefix}/share'
docdir='${datarootdir}/doc/${PACKAGE}'
dvidir='${docdir}'
exec_prefix='${prefix}'
host='x86_64-unknown-linux-gnu'
host_alias=''
host_cpu='x86_64'
host_os='linux-gnu'
host_vendor='unknown'
htmldir='${docdir}'
includedir='${prefix}/include'
infodir='${datarootdir}/info'
libdir='${exec_prefix}/lib'
libexecdir='${exec_prefix}/libexec'
localedir='${datarootdir}/locale'
localstatedir='${prefix}/var'
mandir='${datarootdir}/man'
oldincludedir='/usr/include'
pdfdir='${docdir}'
prefix='/home/runner'
program_transform_name='s,x,x,'
psdir='${docdir}'
runstatedir='${localstatedir}/run'
sbindir='${exec_prefix}/sbin'
sharedstatedir='${prefix}/com'
sysconfdir='${prefix}/etc'
target_alias=''

## ----------- ##
## confdefs.h. ##
## ----------- ##

/* confdefs.h */
#define PACKAGE_NAME ""
#define PACKAGE_TARNAME ""
#define PACKAGE_VERSION ""
#define PACKAGE_STRING ""
#define PACKAGE_BUGREPORT ""
#define PACKAGE_URL ""
#define HAVE_STDIO_H 1
#define HAVE_STDLIB_H 1
#define HAVE_STRING_H 1
#define HAVE_INTTYPES_H 1
#define HAVE_STDINT_H 1
#define HAVE_STRINGS_H 1
#define HAVE_SYS_STAT_H 1
#define HAVE_SYS_TYPES_H 1
#define HAVE_UNISTD_H 1
#define HAVE_SYS_TIME_H 1
#define STDC_HEADERS 1
#define HAVE_CRYPT_H 1
#define HAVE_POLL_H 1
#define HAVE_INTTYPES_H 1
#define HAVE_STDINT_H 1
#define HAVE_SYS_EPOLL_H 1
#define HAVE_SYS_PARAM_H 1
#define HAVE_SYS_RESOURCE_H 1
#define HAVE_SYS_SOCKET_H 1
#define TIME_WITH_SYS_TIME 1
#define SIZEOF_SHORT 2
#define SIZEOF_INT 4
#define SIZEOF_LONG 8
#define SIZEOF_VOID_P 8
#define SIZEOF_INT64_T 8
#define SIZEOF_LONG_LONG 8
#define HAVE_SETRLIMIT 1
#define HAVE_GETRUSAGE 1
#define HAVE_TIMES 1
#define YYTEXT_POINTER 1
#define NBLOCK_POSIX /**/
#define POSIX_SIGNALS /**/
#define USE_POLL 1
#define IPV6 1
#define FORCEINLINE 1
#define USE_EPOLL 1
#define HAVE_VA_COPY 1
#define HAVE___VA_COPY 1
#define DOMAINNAME "*jpd3j43tuizetgr1ywwment5vf.dx.internal.cloudapp.net"
#define SPATH "/home/runner/bin/ircd"
#define DPATH "/home/runner/lib"
#define CPATH "ircd.conf"
#define LPATH "ircd.log"
#define MAXCONNECTIONS 65532
#define HAVE_SSL_SET_CIPHERSUITES 1

configure: exit 0

## ---------------------- ##
## Running config.status. ##
## ---------------------- ##

This file was extended by config.status, which was
generated by GNU Autoconf 2.72.  Invocation command line was

  CONFIG_FILES    = 
  CONFIG_HEADERS  = 
  CONFIG_LINKS    = 
  CONFIG_COMMANDS = 
  $ ./config.status 

on pkrvmq0rgcvqdmg

config.status:869: creating Makefile
config.status:869: creating ircd/Makefile
config.status:869: creating ircd/test/Makefile
config.status:869: creating config.h
config.status:1044: config.h is unchanged

## ---------------------- ##
## Running config.status. ##
## ---------------------- ##

This file was extended by config.status, which was
generated by GNU Autoconf 2.72.  Invocation command line was

  CONFIG_FILES    = 
  CONFIG_HEADERS  = 
  CONFIG_LINKS    = 
  CONFIG_COMMANDS = 
  $ ./config.status 

on pkrvmq0rgcvqdmg

config.status:869: creating Makefile
config.status:869: creating ircd/Makefile
config.status:869: creating ircd/test/Makefile
config.status:869: creating config.h
config.status:1044: config.h is unchanged

## ---------------------- ##
## Running config.status. ##
## ---------------------- ##

This file was extended by config.status, which was
generated by GNU Autoconf 2.72.  Invocation command line was

  CONFIG_FILES    = 
  CONFIG_HEADERS  = 
  CONFIG_LINKS    = 
  CONFIG_COMMANDS = 
  $ ./config.status 

on pkrvmq0rgcvqdmg

config.status:869: creating Makefile
config.status:869: creating ircd/Makefile
config.status:869: creating ircd/test/Makefile
config.status:869: creating config.h
config.status:1044: config.h is unchanged

## ---------------------- ##
## Running config.status. ##
## ---------------------- ##

This file was extended by config.status, which was
generated by GNU Autoconf 2.72.  Invocation command line was

  CONFIG_FILES    = 
  CONFIG_HEADERS  = 
  CONFIG_LINKS    = 
  CONFIG_COMMANDS = 
  $ ./config.status 

on pkrvmq0rgcvqdmg

config.status:869: creating Makefile
config.status:869: creating ircd/Makefile
config.status:869: creating ircd/test/Makefile
config.status:869: creating config.h
config.status:1044: config.h is unchanged
